<?xml version="1.0" encoding="UTF-8"?>
<!-- Generated by org.testng.reporters.JUnitReportReporter -->
<testsuite skipped="0" hostname="Maheswari-PC" name="com.leafBot.testcases.TC002_CreateLead" tests="2" failures="0" timestamp="06 Oct 2019 08:37:44 GMT" time="41.757" errors="0">
  <testcase name="runTC002" time="15.067" classname="com.leafBot.testcases.TC002_CreateLead"/>
  <testcase name="runTC002" time="26.690" classname="com.leafBot.testcases.TC002_CreateLead"/>
</testsuite> <!-- com.leafBot.testcases.TC002_CreateLead -->
